\BOOKMARK [0][-]{label:frontpage.0}{Front page}{}% 1
\BOOKMARK [0][-]{label:contents.0}{Contents}{}% 2
\BOOKMARK [0][-]{chapter.1}{1 Introdu\347\343o}{}% 3
\BOOKMARK [0][-]{chapter.2}{2 Setup dos Servi\347os}{}% 4
\BOOKMARK [1][-]{section.2.1}{2.1 HTTP Server}{chapter.2}% 5
\BOOKMARK [1][-]{section.2.2}{2.2 DNS Server}{chapter.2}% 6
\BOOKMARK [1][-]{section.2.3}{2.3 NTP Server}{chapter.2}% 7
\BOOKMARK [1][-]{section.2.4}{2.4 FTP Server}{chapter.2}% 8
\BOOKMARK [1][-]{section.2.5}{2.5 SNMP}{chapter.2}% 9
\BOOKMARK [1][-]{section.2.6}{2.6 Email Server}{chapter.2}% 10
\BOOKMARK [0][-]{chapter.3}{3 Nagios}{}% 11
\BOOKMARK [1][-]{section.3.1}{3.1 Instala\347\343o e configura\347\343o}{chapter.3}% 12
\BOOKMARK [1][-]{section.3.2}{3.2 Resultados}{chapter.3}% 13
\BOOKMARK [1][-]{section.3.3}{3.3 Teste de falhas}{chapter.3}% 14
\BOOKMARK [0][-]{chapter.4}{4 Zabbix}{}% 15
\BOOKMARK [1][-]{section.4.1}{4.1 Instala\347\343o e configura\347\343o}{chapter.4}% 16
\BOOKMARK [1][-]{section.4.2}{4.2 Resultados}{chapter.4}% 17
\BOOKMARK [1][-]{section.4.3}{4.3 Teste de falhas}{chapter.4}% 18
\BOOKMARK [0][-]{chapter.5}{5 Outras ferramentas}{}% 19
\BOOKMARK [1][-]{section.5.1}{5.1 Grafana}{chapter.5}% 20
\BOOKMARK [1][-]{section.5.2}{5.2 openDCIM}{chapter.5}% 21
\BOOKMARK [0][-]{chapter.6}{6 An\341lise comparativa}{}% 22
\BOOKMARK [0][-]{chapter.7}{7 Conclus\343o}{}% 23
\BOOKMARK [0][-]{chapter*.22}{Bibliografia}{}% 24
