\BOOKMARK [0][-]{label:frontpage.0}{Front page}{}% 1
\BOOKMARK [0][-]{label:contents.0}{Contents}{}% 2
\BOOKMARK [0][-]{chapter.1}{1 Introdu\347\343o}{}% 3
\BOOKMARK [0][-]{chapter.2}{2 Fundamentos Te\363ricos}{}% 4
\BOOKMARK [1][-]{section.2.1}{2.1 OSPF}{chapter.2}% 5
\BOOKMARK [1][-]{section.2.2}{2.2 BGP}{chapter.2}% 6
\BOOKMARK [0][-]{chapter.3}{3 Routing Interior}{}% 7
\BOOKMARK [1][-]{section.3.1}{3.1 Configura\347\343o da Bancada e Tipologia de rede}{chapter.3}% 8
\BOOKMARK [1][-]{section.3.2}{3.2 Configura\347\343o do Quagga}{chapter.3}% 9
\BOOKMARK [1][-]{section.3.3}{3.3 Configura\347\343o do daemon Zebra}{chapter.3}% 10
\BOOKMARK [1][-]{section.3.4}{3.4 Configura\347\343o da Switch e Router}{chapter.3}% 11
\BOOKMARK [1][-]{section.3.5}{3.5 Configura\347\343o do OSPF no Router}{chapter.3}% 12
\BOOKMARK [1][-]{section.3.6}{3.6 Teste de conectividade}{chapter.3}% 13
\BOOKMARK [1][-]{section.3.7}{3.7 Teste de Routing do OSPF}{chapter.3}% 14
\BOOKMARK [1][-]{section.3.8}{3.8 Teste com falha de liga\347\343o no OSPF}{chapter.3}% 15
\BOOKMARK [0][-]{chapter.4}{4 Routing Interior}{}% 16
\BOOKMARK [1][-]{section.4.1}{4.1 Tipologia de rede e interfaces}{chapter.4}% 17
\BOOKMARK [1][-]{section.4.2}{4.2 Teste de Routing do BGP}{chapter.4}% 18
\BOOKMARK [1][-]{section.4.3}{4.3 Configura\347\343o para teste - Highest AS}{chapter.4}% 19
\BOOKMARK [0][-]{chapter.5}{5 Conclus\343o}{}% 20
\BOOKMARK [0][-]{chapter*.34}{Bibliografia}{}% 21
